# Logfile created on Thu Feb 18 12:59:52 +0200 2010  [4;36;1mSQL (0.2ms)[0m   [0;1mSET NAMES 'utf8'[0m
  [4;35;1mSQL (0.2ms)[0m   [0mSET SQL_AUTO_IS_NULL=0[0m


Processing HomeController#index (for 127.0.0.1 at 2010-02-18 13:02:27) [GET]
  [4;36;1mEvent Load (0.4ms)[0m   [0;1mSELECT * FROM `events` WHERE (`events`.`published` = 1) LIMIT 5[0m
  [4;35;1mPartnerLink Load (0.3ms)[0m   [0mSELECT * FROM `partner_links` WHERE (`partner_links`.`visible` = 1) [0m
  [4;36;1mFishingProgram Load (0.5ms)[0m   [0;1mSELECT * FROM `fishing_programs` [0m
Rendering template within layouts/application
Rendering home/index
  [4;35;1mFishingProgram Columns (20.2ms)[0m   [0mSHOW FIELDS FROM `fishing_programs`[0m
  [4;36;1mFishingProgram Load (0.4ms)[0m   [0;1mSELECT * FROM `fishing_programs` WHERE (`fishing_programs`.`id` = 1) [0m
  [4;35;1mFishingProgram Load (0.3ms)[0m   [0mSELECT * FROM `fishing_programs` WHERE (`fishing_programs`.`id` = 2) [0m
  [4;36;1mFishingProgram Load (0.2ms)[0m   [0;1mSELECT * FROM `fishing_programs` WHERE (`fishing_programs`.`id` = 3) [0m
  [4;35;1mFishingProgram Load (0.3ms)[0m   [0mSELECT * FROM `fishing_programs` WHERE (`fishing_programs`.`id` = 4) [0m
Rendered layouts/_logo (27.0ms)
Rendered layouts/_main_menu (37.1ms)
  [4;36;1mEvent Columns (1.2ms)[0m   [0;1mSHOW FIELDS FROM `events`[0m
Rendered layouts/_event_list (234.6ms)
  [4;35;1mPartnerLink Columns (14.6ms)[0m   [0mSHOW FIELDS FROM `partner_links`[0m
Rendered layouts/_partner_link_list (30.9ms)
Rendered layouts/_left_menu (301.1ms)
Rendered layouts/_right_menu (35.1ms)
Rendered layouts/_full_widget (387.2ms)
Completed in 1316ms (View: 995, DB: 39) | 200 OK [http://127.0.0.1/]
  [4;36;1mSQL (0.1ms)[0m   [0;1mSET NAMES 'utf8'[0m
  [4;35;1mSQL (0.1ms)[0m   [0mSET SQL_AUTO_IS_NULL=0[0m


Processing HomeController#index (for 127.0.0.1 at 2010-02-18 13:03:31) [GET]
  [4;36;1mEvent Load (0.4ms)[0m   [0;1mSELECT * FROM `events` WHERE (`events`.`published` = 1) LIMIT 5[0m
  [4;35;1mPartnerLink Load (0.2ms)[0m   [0mSELECT * FROM `partner_links` WHERE (`partner_links`.`visible` = 1) [0m
  [4;36;1mFishingProgram Load (0.3ms)[0m   [0;1mSELECT * FROM `fishing_programs` [0m
Rendering template within layouts/application
Rendering home/index
  [4;35;1mFishingProgram Columns (34.1ms)[0m   [0mSHOW FIELDS FROM `fishing_programs`[0m
  [4;36;1mFishingProgram Load (0.3ms)[0m   [0;1mSELECT * FROM `fishing_programs` WHERE (`fishing_programs`.`id` = 1) [0m
  [4;35;1mFishingProgram Load (0.2ms)[0m   [0mSELECT * FROM `fishing_programs` WHERE (`fishing_programs`.`id` = 2) [0m
  [4;36;1mFishingProgram Load (0.2ms)[0m   [0;1mSELECT * FROM `fishing_programs` WHERE (`fishing_programs`.`id` = 3) [0m
  [4;35;1mFishingProgram Load (0.2ms)[0m   [0mSELECT * FROM `fishing_programs` WHERE (`fishing_programs`.`id` = 4) [0m
Rendered layouts/_logo (2.6ms)
Rendered layouts/_main_menu (3.6ms)
  [4;36;1mEvent Columns (1.2ms)[0m   [0;1mSHOW FIELDS FROM `events`[0m
Rendered layouts/_event_list (4.3ms)
  [4;35;1mPartnerLink Columns (1.0ms)[0m   [0mSHOW FIELDS FROM `partner_links`[0m
Rendered layouts/_partner_link_list (3.1ms)
Rendered layouts/_left_menu (8.7ms)
Rendered layouts/_right_menu (1.5ms)
Rendered layouts/_full_widget (10.8ms)
Completed in 119ms (View: 26, DB: 38) | 200 OK [http://127.0.0.1/]
  [4;36;1mSQL (0.1ms)[0m   [0;1mSET NAMES 'utf8'[0m
  [4;35;1mSQL (0.1ms)[0m   [0mSET SQL_AUTO_IS_NULL=0[0m


Processing HomeController#index (for 127.0.0.1 at 2010-02-18 13:03:45) [GET]
  [4;36;1mEvent Load (0.4ms)[0m   [0;1mSELECT * FROM `events` WHERE (`events`.`published` = 1) LIMIT 5[0m
  [4;35;1mPartnerLink Load (0.2ms)[0m   [0mSELECT * FROM `partner_links` WHERE (`partner_links`.`visible` = 1) [0m
  [4;36;1mFishingProgram Load (0.3ms)[0m   [0;1mSELECT * FROM `fishing_programs` [0m
Rendering template within layouts/application
Rendering home/index
  [4;35;1mFishingProgram Columns (1.3ms)[0m   [0mSHOW FIELDS FROM `fishing_programs`[0m
  [4;36;1mFishingProgram Load (0.2ms)[0m   [0;1mSELECT * FROM `fishing_programs` WHERE (`fishing_programs`.`id` = 1) [0m
  [4;35;1mFishingProgram Load (0.3ms)[0m   [0mSELECT * FROM `fishing_programs` WHERE (`fishing_programs`.`id` = 2) [0m
  [4;36;1mFishingProgram Load (0.2ms)[0m   [0;1mSELECT * FROM `fishing_programs` WHERE (`fishing_programs`.`id` = 3) [0m
  [4;35;1mFishingProgram Load (0.2ms)[0m   [0mSELECT * FROM `fishing_programs` WHERE (`fishing_programs`.`id` = 4) [0m
Rendered layouts/_logo (2.1ms)
Rendered layouts/_main_menu (4.1ms)
  [4;36;1mEvent Columns (1.1ms)[0m   [0;1mSHOW FIELDS FROM `events`[0m
Rendered layouts/_event_list (4.0ms)
  [4;35;1mPartnerLink Columns (1.1ms)[0m   [0mSHOW FIELDS FROM `partner_links`[0m
Rendered layouts/_partner_link_list (3.0ms)
Rendered layouts/_left_menu (8.2ms)
Rendered layouts/_right_menu (1.5ms)
Rendered layouts/_full_widget (10.4ms)
Completed in 42ms (View: 26, DB: 5) | 200 OK [http://127.0.0.1/]
  [4;36;1mSQL (0.1ms)[0m   [0;1mSET NAMES 'utf8'[0m
  [4;35;1mSQL (0.1ms)[0m   [0mSET SQL_AUTO_IS_NULL=0[0m


Processing HomeController#index (for 127.0.0.1 at 2010-02-18 13:04:21) [GET]
  [4;36;1mEvent Load (0.4ms)[0m   [0;1mSELECT * FROM `events` WHERE (`events`.`published` = 1) LIMIT 5[0m
  [4;35;1mPartnerLink Load (0.2ms)[0m   [0mSELECT * FROM `partner_links` WHERE (`partner_links`.`visible` = 1) [0m
  [4;36;1mFishingProgram Load (0.3ms)[0m   [0;1mSELECT * FROM `fishing_programs` [0m
Rendering template within layouts/application
Rendering home/index
  [4;35;1mFishingProgram Columns (7.2ms)[0m   [0mSHOW FIELDS FROM `fishing_programs`[0m
  [4;36;1mFishingProgram Load (0.3ms)[0m   [0;1mSELECT * FROM `fishing_programs` WHERE (`fishing_programs`.`id` = 1) [0m
  [4;35;1mFishingProgram Load (0.2ms)[0m   [0mSELECT * FROM `fishing_programs` WHERE (`fishing_programs`.`id` = 2) [0m
  [4;36;1mFishingProgram Load (0.2ms)[0m   [0;1mSELECT * FROM `fishing_programs` WHERE (`fishing_programs`.`id` = 3) [0m
  [4;35;1mFishingProgram Load (0.2ms)[0m   [0mSELECT * FROM `fishing_programs` WHERE (`fishing_programs`.`id` = 4) [0m
Rendered layouts/_logo (2.0ms)
Rendered layouts/_main_menu (3.5ms)
  [4;36;1mEvent Columns (1.1ms)[0m   [0;1mSHOW FIELDS FROM `events`[0m
Rendered layouts/_event_list (4.8ms)
  [4;35;1mPartnerLink Columns (1.1ms)[0m   [0mSHOW FIELDS FROM `partner_links`[0m
Rendered layouts/_partner_link_list (3.1ms)
Rendered layouts/_left_menu (9.2ms)
Rendered layouts/_right_menu (1.5ms)
Rendered layouts/_full_widget (11.5ms)
Completed in 50ms (View: 27, DB: 11) | 200 OK [http://127.0.0.1/]
  [4;36;1mSQL (0.1ms)[0m   [0;1mSET NAMES 'utf8'[0m
  [4;35;1mSQL (0.1ms)[0m   [0mSET SQL_AUTO_IS_NULL=0[0m


Processing HomeController#index (for 127.0.0.1 at 2010-02-18 13:04:32) [GET]
  [4;36;1mEvent Load (0.4ms)[0m   [0;1mSELECT * FROM `events` WHERE (`events`.`published` = 1) LIMIT 5[0m
  [4;35;1mPartnerLink Load (0.2ms)[0m   [0mSELECT * FROM `partner_links` WHERE (`partner_links`.`visible` = 1) [0m
  [4;36;1mFishingProgram Load (0.3ms)[0m   [0;1mSELECT * FROM `fishing_programs` [0m
Rendering template within layouts/application
Rendering home/index
  [4;35;1mFishingProgram Columns (1.2ms)[0m   [0mSHOW FIELDS FROM `fishing_programs`[0m
  [4;36;1mFishingProgram Load (0.3ms)[0m   [0;1mSELECT * FROM `fishing_programs` WHERE (`fishing_programs`.`id` = 1) [0m
  [4;35;1mFishingProgram Load (0.2ms)[0m   [0mSELECT * FROM `fishing_programs` WHERE (`fishing_programs`.`id` = 2) [0m
  [4;36;1mFishingProgram Load (0.2ms)[0m   [0;1mSELECT * FROM `fishing_programs` WHERE (`fishing_programs`.`id` = 3) [0m
  [4;35;1mFishingProgram Load (0.2ms)[0m   [0mSELECT * FROM `fishing_programs` WHERE (`fishing_programs`.`id` = 4) [0m
Rendered layouts/_logo (2.1ms)
Rendered layouts/_main_menu (3.6ms)
  [4;36;1mEvent Columns (1.2ms)[0m   [0;1mSHOW FIELDS FROM `events`[0m
Rendered layouts/_event_list (4.7ms)
  [4;35;1mPartnerLink Columns (1.1ms)[0m   [0mSHOW FIELDS FROM `partner_links`[0m
Rendered layouts/_partner_link_list (3.2ms)
Rendered layouts/_left_menu (9.2ms)
Rendered layouts/_right_menu (1.5ms)
Rendered layouts/_full_widget (11.4ms)
Completed in 97ms (View: 26, DB: 5) | 200 OK [http://127.0.0.1/]
  [4;36;1mSQL (0.1ms)[0m   [0;1mSET NAMES 'utf8'[0m
  [4;35;1mSQL (0.1ms)[0m   [0mSET SQL_AUTO_IS_NULL=0[0m


Processing HomeController#index (for 127.0.0.1 at 2010-02-18 13:04:35) [GET]
  [4;36;1mEvent Load (0.3ms)[0m   [0;1mSELECT * FROM `events` WHERE (`events`.`published` = 1) LIMIT 5[0m
  [4;35;1mPartnerLink Load (0.3ms)[0m   [0mSELECT * FROM `partner_links` WHERE (`partner_links`.`visible` = 1) [0m
  [4;36;1mFishingProgram Load (0.4ms)[0m   [0;1mSELECT * FROM `fishing_programs` [0m
Rendering template within layouts/application
Rendering home/index
  [4;35;1mFishingProgram Columns (1.2ms)[0m   [0mSHOW FIELDS FROM `fishing_programs`[0m
  [4;36;1mFishingProgram Load (0.2ms)[0m   [0;1mSELECT * FROM `fishing_programs` WHERE (`fishing_programs`.`id` = 1) [0m
  [4;35;1mFishingProgram Load (0.2ms)[0m   [0mSELECT * FROM `fishing_programs` WHERE (`fishing_programs`.`id` = 2) [0m
  [4;36;1mFishingProgram Load (0.2ms)[0m   [0;1mSELECT * FROM `fishing_programs` WHERE (`fishing_programs`.`id` = 3) [0m
  [4;35;1mFishingProgram Load (0.3ms)[0m   [0mSELECT * FROM `fishing_programs` WHERE (`fishing_programs`.`id` = 4) [0m
Rendered layouts/_logo (2.0ms)
Rendered layouts/_main_menu (3.6ms)
  [4;36;1mEvent Columns (1.1ms)[0m   [0;1mSHOW FIELDS FROM `events`[0m
Rendered layouts/_event_list (4.1ms)
  [4;35;1mPartnerLink Columns (1.1ms)[0m   [0mSHOW FIELDS FROM `partner_links`[0m
Rendered layouts/_partner_link_list (3.0ms)
Rendered layouts/_left_menu (8.3ms)
Rendered layouts/_right_menu (1.4ms)
Rendered layouts/_full_widget (10.4ms)
Completed in 44ms (View: 26, DB: 6) | 200 OK [http://127.0.0.1/]
  [4;36;1mSQL (0.1ms)[0m   [0;1mSET NAMES 'utf8'[0m
  [4;35;1mSQL (0.2ms)[0m   [0mSET SQL_AUTO_IS_NULL=0[0m


Processing HomeController#index (for 127.0.0.1 at 2010-02-18 13:04:38) [GET]
  [4;36;1mEvent Load (0.4ms)[0m   [0;1mSELECT * FROM `events` WHERE (`events`.`published` = 1) LIMIT 5[0m
  [4;35;1mPartnerLink Load (0.3ms)[0m   [0mSELECT * FROM `partner_links` WHERE (`partner_links`.`visible` = 1) [0m
  [4;36;1mFishingProgram Load (0.3ms)[0m   [0;1mSELECT * FROM `fishing_programs` [0m
Rendering template within layouts/application
Rendering home/index
  [4;35;1mFishingProgram Columns (5.3ms)[0m   [0mSHOW FIELDS FROM `fishing_programs`[0m
  [4;36;1mFishingProgram Load (3.9ms)[0m   [0;1mSELECT * FROM `fishing_programs` WHERE (`fishing_programs`.`id` = 1) [0m
  [4;35;1mFishingProgram Load (0.3ms)[0m   [0mSELECT * FROM `fishing_programs` WHERE (`fishing_programs`.`id` = 2) [0m
  [4;36;1mFishingProgram Load (0.3ms)[0m   [0;1mSELECT * FROM `fishing_programs` WHERE (`fishing_programs`.`id` = 3) [0m
  [4;35;1mFishingProgram Load (0.2ms)[0m   [0mSELECT * FROM `fishing_programs` WHERE (`fishing_programs`.`id` = 4) [0m
Rendered layouts/_logo (2.2ms)
Rendered layouts/_main_menu (4.0ms)
  [4;36;1mEvent Columns (9.7ms)[0m   [0;1mSHOW FIELDS FROM `events`[0m
Rendered layouts/_event_list (13.4ms)
  [4;35;1mPartnerLink Columns (1.5ms)[0m   [0mSHOW FIELDS FROM `partner_links`[0m
Rendered layouts/_partner_link_list (3.6ms)
Rendered layouts/_left_menu (18.3ms)
Rendered layouts/_right_menu (1.8ms)
Rendered layouts/_full_widget (21.0ms)
Completed in 63ms (View: 28, DB: 22) | 200 OK [http://127.0.0.1/]
  [4;36;1mSQL (0.1ms)[0m   [0;1mSET NAMES 'utf8'[0m
  [4;35;1mSQL (0.1ms)[0m   [0mSET SQL_AUTO_IS_NULL=0[0m


Processing HomeController#index (for 127.0.0.1 at 2010-02-18 13:04:57) [GET]
  [4;36;1mEvent Load (0.4ms)[0m   [0;1mSELECT * FROM `events` WHERE (`events`.`published` = 1) LIMIT 5[0m
  [4;35;1mPartnerLink Load (0.3ms)[0m   [0mSELECT * FROM `partner_links` WHERE (`partner_links`.`visible` = 1) [0m
  [4;36;1mFishingProgram Load (0.3ms)[0m   [0;1mSELECT * FROM `fishing_programs` [0m
Rendering template within layouts/application
Rendering home/index
  [4;35;1mFishingProgram Columns (1.5ms)[0m   [0mSHOW FIELDS FROM `fishing_programs`[0m
  [4;36;1mFishingProgram Load (0.2ms)[0m   [0;1mSELECT * FROM `fishing_programs` WHERE (`fishing_programs`.`id` = 1) [0m
  [4;35;1mFishingProgram Load (0.2ms)[0m   [0mSELECT * FROM `fishing_programs` WHERE (`fishing_programs`.`id` = 2) [0m
  [4;36;1mFishingProgram Load (0.2ms)[0m   [0;1mSELECT * FROM `fishing_programs` WHERE (`fishing_programs`.`id` = 3) [0m
  [4;35;1mFishingProgram Load (0.2ms)[0m   [0mSELECT * FROM `fishing_programs` WHERE (`fishing_programs`.`id` = 4) [0m
Rendered layouts/_logo (2.1ms)
Rendered layouts/_main_menu (3.6ms)
  [4;36;1mEvent Columns (1.2ms)[0m   [0;1mSHOW FIELDS FROM `events`[0m
Rendered layouts/_event_list (4.3ms)
  [4;35;1mPartnerLink Columns (1.1ms)[0m   [0mSHOW FIELDS FROM `partner_links`[0m
Rendered layouts/_partner_link_list (3.2ms)
Rendered layouts/_left_menu (8.6ms)
Rendered layouts/_right_menu (1.5ms)
Rendered layouts/_full_widget (10.9ms)
Completed in 99ms (View: 81, DB: 6) | 200 OK [http://127.0.0.1/]
  [4;36;1mSQL (0.1ms)[0m   [0;1mSET NAMES 'utf8'[0m
  [4;35;1mSQL (0.1ms)[0m   [0mSET SQL_AUTO_IS_NULL=0[0m


Processing HomeController#index (for 127.0.0.1 at 2010-02-18 13:05:14) [GET]
  [4;36;1mEvent Load (0.4ms)[0m   [0;1mSELECT * FROM `events` WHERE (`events`.`published` = 1) LIMIT 5[0m
  [4;35;1mPartnerLink Load (0.2ms)[0m   [0mSELECT * FROM `partner_links` WHERE (`partner_links`.`visible` = 1) [0m
  [4;36;1mFishingProgram Load (0.3ms)[0m   [0;1mSELECT * FROM `fishing_programs` [0m
Rendering template within layouts/application
Rendering home/index
  [4;35;1mFishingProgram Columns (1.2ms)[0m   [0mSHOW FIELDS FROM `fishing_programs`[0m
  [4;36;1mFishingProgram Load (0.2ms)[0m   [0;1mSELECT * FROM `fishing_programs` WHERE (`fishing_programs`.`id` = 1) [0m
  [4;35;1mFishingProgram Load (0.2ms)[0m   [0mSELECT * FROM `fishing_programs` WHERE (`fishing_programs`.`id` = 2) [0m
  [4;36;1mFishingProgram Load (0.2ms)[0m   [0;1mSELECT * FROM `fishing_programs` WHERE (`fishing_programs`.`id` = 3) [0m
  [4;35;1mFishingProgram Load (0.2ms)[0m   [0mSELECT * FROM `fishing_programs` WHERE (`fishing_programs`.`id` = 4) [0m
Rendered layouts/_logo (2.2ms)
Rendered layouts/_main_menu (3.7ms)
  [4;36;1mEvent Columns (1.3ms)[0m   [0;1mSHOW FIELDS FROM `events`[0m
Rendered layouts/_event_list (4.8ms)
  [4;35;1mPartnerLink Columns (1.1ms)[0m   [0mSHOW FIELDS FROM `partner_links`[0m
Rendered layouts/_partner_link_list (3.0ms)
Rendered layouts/_left_menu (9.0ms)
Rendered layouts/_right_menu (2.4ms)
Rendered layouts/_full_widget (12.1ms)
Completed in 44ms (View: 27, DB: 6) | 200 OK [http://127.0.0.1/]
  [4;36;1mSQL (0.1ms)[0m   [0;1mSET NAMES 'utf8'[0m
  [4;35;1mSQL (0.1ms)[0m   [0mSET SQL_AUTO_IS_NULL=0[0m


Processing HomeController#index (for 127.0.0.1 at 2010-02-18 13:05:38) [GET]
  [4;36;1mEvent Load (0.4ms)[0m   [0;1mSELECT * FROM `events` WHERE (`events`.`published` = 1) LIMIT 5[0m
  [4;35;1mPartnerLink Load (0.2ms)[0m   [0mSELECT * FROM `partner_links` WHERE (`partner_links`.`visible` = 1) [0m
  [4;36;1mFishingProgram Load (0.3ms)[0m   [0;1mSELECT * FROM `fishing_programs` [0m
Rendering template within layouts/application
Rendering home/index
  [4;35;1mFishingProgram Columns (1.2ms)[0m   [0mSHOW FIELDS FROM `fishing_programs`[0m
  [4;36;1mFishingProgram Load (0.2ms)[0m   [0;1mSELECT * FROM `fishing_programs` WHERE (`fishing_programs`.`id` = 1) [0m
  [4;35;1mFishingProgram Load (0.2ms)[0m   [0mSELECT * FROM `fishing_programs` WHERE (`fishing_programs`.`id` = 2) [0m
  [4;36;1mFishingProgram Load (0.2ms)[0m   [0;1mSELECT * FROM `fishing_programs` WHERE (`fishing_programs`.`id` = 3) [0m
  [4;35;1mFishingProgram Load (0.2ms)[0m   [0mSELECT * FROM `fishing_programs` WHERE (`fishing_programs`.`id` = 4) [0m
Rendered layouts/_logo (2.3ms)
Rendered layouts/_main_menu (3.9ms)
  [4;36;1mEvent Columns (1.2ms)[0m   [0;1mSHOW FIELDS FROM `events`[0m
Rendered layouts/_event_list (5.0ms)
  [4;35;1mPartnerLink Columns (1.1ms)[0m   [0mSHOW FIELDS FROM `partner_links`[0m
Rendered layouts/_partner_link_list (3.2ms)
Rendered layouts/_left_menu (9.3ms)
Rendered layouts/_right_menu (1.5ms)
Rendered layouts/_full_widget (11.5ms)
Completed in 44ms (View: 26, DB: 5) | 200 OK [http://127.0.0.1/]
  [4;36;1mSQL (0.1ms)[0m   [0;1mSET NAMES 'utf8'[0m
  [4;35;1mSQL (0.1ms)[0m   [0mSET SQL_AUTO_IS_NULL=0[0m


Processing HomeController#index (for 127.0.0.1 at 2010-02-18 13:05:54) [GET]
  [4;36;1mEvent Load (0.4ms)[0m   [0;1mSELECT * FROM `events` WHERE (`events`.`published` = 1) LIMIT 5[0m
  [4;35;1mPartnerLink Load (0.2ms)[0m   [0mSELECT * FROM `partner_links` WHERE (`partner_links`.`visible` = 1) [0m
  [4;36;1mFishingProgram Load (0.3ms)[0m   [0;1mSELECT * FROM `fishing_programs` [0m
Rendering template within layouts/application
Rendering home/index
  [4;35;1mFishingProgram Columns (2.1ms)[0m   [0mSHOW FIELDS FROM `fishing_programs`[0m
  [4;36;1mFishingProgram Load (0.3ms)[0m   [0;1mSELECT * FROM `fishing_programs` WHERE (`fishing_programs`.`id` = 1) [0m
  [4;35;1mFishingProgram Load (0.2ms)[0m   [0mSELECT * FROM `fishing_programs` WHERE (`fishing_programs`.`id` = 2) [0m
  [4;36;1mFishingProgram Load (0.2ms)[0m   [0;1mSELECT * FROM `fishing_programs` WHERE (`fishing_programs`.`id` = 3) [0m
  [4;35;1mFishingProgram Load (0.2ms)[0m   [0mSELECT * FROM `fishing_programs` WHERE (`fishing_programs`.`id` = 4) [0m
Rendered layouts/_logo (2.5ms)
Rendered layouts/_main_menu (4.4ms)
  [4;36;1mEvent Columns (1.7ms)[0m   [0;1mSHOW FIELDS FROM `events`[0m
Rendered layouts/_event_list (65.6ms)
  [4;35;1mPartnerLink Columns (1.7ms)[0m   [0mSHOW FIELDS FROM `partner_links`[0m
Rendered layouts/_partner_link_list (3.8ms)
Rendered layouts/_left_menu (70.7ms)
Rendered layouts/_right_menu (1.9ms)
Rendered layouts/_full_widget (73.3ms)
Completed in 112ms (View: 93, DB: 7) | 200 OK [http://127.0.0.1/]
  [4;36;1mSQL (0.1ms)[0m   [0;1mSET NAMES 'utf8'[0m
  [4;35;1mSQL (0.1ms)[0m   [0mSET SQL_AUTO_IS_NULL=0[0m


Processing HomeController#index (for 127.0.0.1 at 2010-02-18 13:05:59) [GET]
  [4;36;1mEvent Load (0.4ms)[0m   [0;1mSELECT * FROM `events` WHERE (`events`.`published` = 1) LIMIT 5[0m
  [4;35;1mPartnerLink Load (0.3ms)[0m   [0mSELECT * FROM `partner_links` WHERE (`partner_links`.`visible` = 1) [0m
  [4;36;1mFishingProgram Load (0.3ms)[0m   [0;1mSELECT * FROM `fishing_programs` [0m
Rendering template within layouts/application
Rendering home/index
  [4;35;1mFishingProgram Columns (17.2ms)[0m   [0mSHOW FIELDS FROM `fishing_programs`[0m
  [4;36;1mFishingProgram Load (36.6ms)[0m   [0;1mSELECT * FROM `fishing_programs` WHERE (`fishing_programs`.`id` = 1) [0m
  [4;35;1mFishingProgram Load (0.3ms)[0m   [0mSELECT * FROM `fishing_programs` WHERE (`fishing_programs`.`id` = 2) [0m
  [4;36;1mFishingProgram Load (0.2ms)[0m   [0;1mSELECT * FROM `fishing_programs` WHERE (`fishing_programs`.`id` = 3) [0m
  [4;35;1mFishingProgram Load (0.2ms)[0m   [0mSELECT * FROM `fishing_programs` WHERE (`fishing_programs`.`id` = 4) [0m
Rendered layouts/_logo (2.9ms)
Rendered layouts/_main_menu (3.5ms)
  [4;36;1mEvent Columns (25.1ms)[0m   [0;1mSHOW FIELDS FROM `events`[0m
Rendered layouts/_event_list (28.1ms)
  [4;35;1mPartnerLink Columns (73.0ms)[0m   [0mSHOW FIELDS FROM `partner_links`[0m
Rendered layouts/_partner_link_list (75.1ms)
Rendered layouts/_left_menu (104.6ms)
Rendered layouts/_right_menu (1.9ms)
Rendered layouts/_full_widget (107.2ms)
Completed in 192ms (View: 27, DB: 154) | 200 OK [http://127.0.0.1/]
  [4;36;1mSQL (0.1ms)[0m   [0;1mSET NAMES 'utf8'[0m
  [4;35;1mSQL (0.1ms)[0m   [0mSET SQL_AUTO_IS_NULL=0[0m


Processing HomeController#index (for 127.0.0.1 at 2010-02-18 13:06:19) [GET]
  [4;36;1mEvent Load (0.4ms)[0m   [0;1mSELECT * FROM `events` WHERE (`events`.`published` = 1) LIMIT 5[0m
  [4;35;1mPartnerLink Load (0.3ms)[0m   [0mSELECT * FROM `partner_links` WHERE (`partner_links`.`visible` = 1) [0m
  [4;36;1mFishingProgram Load (0.4ms)[0m   [0;1mSELECT * FROM `fishing_programs` [0m
Rendering template within layouts/application
Rendering home/index
  [4;35;1mFishingProgram Columns (1.4ms)[0m   [0mSHOW FIELDS FROM `fishing_programs`[0m
  [4;36;1mFishingProgram Load (56.8ms)[0m   [0;1mSELECT * FROM `fishing_programs` WHERE (`fishing_programs`.`id` = 1) [0m
  [4;35;1mFishingProgram Load (0.3ms)[0m   [0mSELECT * FROM `fishing_programs` WHERE (`fishing_programs`.`id` = 2) [0m
  [4;36;1mFishingProgram Load (0.2ms)[0m   [0;1mSELECT * FROM `fishing_programs` WHERE (`fishing_programs`.`id` = 3) [0m
  [4;35;1mFishingProgram Load (0.2ms)[0m   [0mSELECT * FROM `fishing_programs` WHERE (`fishing_programs`.`id` = 4) [0m
Rendered layouts/_logo (2.8ms)
Rendered layouts/_main_menu (3.6ms)
  [4;36;1mEvent Columns (1.2ms)[0m   [0;1mSHOW FIELDS FROM `events`[0m
Rendered layouts/_event_list (4.2ms)
  [4;35;1mPartnerLink Columns (1.4ms)[0m   [0mSHOW FIELDS FROM `partner_links`[0m
Rendered layouts/_partner_link_list (3.4ms)
Rendered layouts/_left_menu (9.4ms)
Rendered layouts/_right_menu (1.5ms)
Rendered layouts/_full_widget (11.6ms)
Completed in 102ms (View: 27, DB: 63) | 200 OK [http://127.0.0.1/]
  [4;36;1mSQL (0.1ms)[0m   [0;1mSET NAMES 'utf8'[0m
  [4;35;1mSQL (0.1ms)[0m   [0mSET SQL_AUTO_IS_NULL=0[0m


Processing HomeController#index (for 127.0.0.1 at 2010-02-18 13:06:34) [GET]
  [4;36;1mEvent Load (0.4ms)[0m   [0;1mSELECT * FROM `events` WHERE (`events`.`published` = 1) LIMIT 5[0m
  [4;35;1mPartnerLink Load (0.2ms)[0m   [0mSELECT * FROM `partner_links` WHERE (`partner_links`.`visible` = 1) [0m
  [4;36;1mFishingProgram Load (0.4ms)[0m   [0;1mSELECT * FROM `fishing_programs` [0m
Rendering template within layouts/application
Rendering home/index
  [4;35;1mFishingProgram Columns (1.4ms)[0m   [0mSHOW FIELDS FROM `fishing_programs`[0m
  [4;36;1mFishingProgram Load (0.2ms)[0m   [0;1mSELECT * FROM `fishing_programs` WHERE (`fishing_programs`.`id` = 1) [0m
  [4;35;1mFishingProgram Load (0.2ms)[0m   [0mSELECT * FROM `fishing_programs` WHERE (`fishing_programs`.`id` = 2) [0m
  [4;36;1mFishingProgram Load (0.2ms)[0m   [0;1mSELECT * FROM `fishing_programs` WHERE (`fishing_programs`.`id` = 3) [0m
  [4;35;1mFishingProgram Load (0.2ms)[0m   [0mSELECT * FROM `fishing_programs` WHERE (`fishing_programs`.`id` = 4) [0m
Rendered layouts/_logo (2.1ms)
Rendered layouts/_main_menu (4.0ms)
  [4;36;1mEvent Columns (1.1ms)[0m   [0;1mSHOW FIELDS FROM `events`[0m
Rendered layouts/_event_list (4.1ms)
  [4;35;1mPartnerLink Columns (1.0ms)[0m   [0mSHOW FIELDS FROM `partner_links`[0m
Rendered layouts/_partner_link_list (3.0ms)
Rendered layouts/_left_menu (8.2ms)
Rendered layouts/_right_menu (1.5ms)
Rendered layouts/_full_widget (10.5ms)
Completed in 43ms (View: 26, DB: 6) | 200 OK [http://127.0.0.1/]
  [4;36;1mSQL (0.1ms)[0m   [0;1mSET NAMES 'utf8'[0m
  [4;35;1mSQL (0.1ms)[0m   [0mSET SQL_AUTO_IS_NULL=0[0m


Processing HomeController#index (for 127.0.0.1 at 2010-02-18 13:06:40) [GET]
  [4;36;1mEvent Load (0.4ms)[0m   [0;1mSELECT * FROM `events` WHERE (`events`.`published` = 1) LIMIT 5[0m
  [4;35;1mPartnerLink Load (0.3ms)[0m   [0mSELECT * FROM `partner_links` WHERE (`partner_links`.`visible` = 1) [0m
  [4;36;1mFishingProgram Load (0.4ms)[0m   [0;1mSELECT * FROM `fishing_programs` [0m
Rendering template within layouts/application
Rendering home/index
  [4;35;1mFishingProgram Columns (1.4ms)[0m   [0mSHOW FIELDS FROM `fishing_programs`[0m
  [4;36;1mFishingProgram Load (0.3ms)[0m   [0;1mSELECT * FROM `fishing_programs` WHERE (`fishing_programs`.`id` = 1) [0m
  [4;35;1mFishingProgram Load (0.3ms)[0m   [0mSELECT * FROM `fishing_programs` WHERE (`fishing_programs`.`id` = 2) [0m
  [4;36;1mFishingProgram Load (0.3ms)[0m   [0;1mSELECT * FROM `fishing_programs` WHERE (`fishing_programs`.`id` = 3) [0m
  [4;35;1mFishingProgram Load (0.2ms)[0m   [0mSELECT * FROM `fishing_programs` WHERE (`fishing_programs`.`id` = 4) [0m
Rendered layouts/_logo (2.4ms)
Rendered layouts/_main_menu (3.8ms)
  [4;36;1mEvent Columns (1.2ms)[0m   [0;1mSHOW FIELDS FROM `events`[0m
Rendered layouts/_event_list (4.2ms)
  [4;35;1mPartnerLink Columns (1.1ms)[0m   [0mSHOW FIELDS FROM `partner_links`[0m
Rendered layouts/_partner_link_list (3.2ms)
Rendered layouts/_left_menu (8.7ms)
Rendered layouts/_right_menu (1.4ms)
Rendered layouts/_full_widget (10.8ms)
Completed in 45ms (View: 27, DB: 6) | 200 OK [http://127.0.0.1/]
  [4;36;1mSQL (0.1ms)[0m   [0;1mSET NAMES 'utf8'[0m
  [4;35;1mSQL (0.1ms)[0m   [0mSET SQL_AUTO_IS_NULL=0[0m


Processing HomeController#index (for 127.0.0.1 at 2010-02-18 13:11:05) [GET]
  [4;36;1mEvent Load (0.4ms)[0m   [0;1mSELECT * FROM `events` WHERE (`events`.`published` = 1) LIMIT 5[0m
  [4;35;1mPartnerLink Load (0.2ms)[0m   [0mSELECT * FROM `partner_links` WHERE (`partner_links`.`visible` = 1) [0m
  [4;36;1mFishingProgram Load (0.3ms)[0m   [0;1mSELECT * FROM `fishing_programs` [0m
Rendering template within layouts/application
Rendering home/index
  [4;35;1mFishingProgram Columns (28.6ms)[0m   [0mSHOW FIELDS FROM `fishing_programs`[0m
  [4;36;1mFishingProgram Load (0.3ms)[0m   [0;1mSELECT * FROM `fishing_programs` WHERE (`fishing_programs`.`id` = 1) [0m
  [4;35;1mFishingProgram Load (0.2ms)[0m   [0mSELECT * FROM `fishing_programs` WHERE (`fishing_programs`.`id` = 2) [0m
  [4;36;1mFishingProgram Load (0.2ms)[0m   [0;1mSELECT * FROM `fishing_programs` WHERE (`fishing_programs`.`id` = 3) [0m
  [4;35;1mFishingProgram Load (0.2ms)[0m   [0mSELECT * FROM `fishing_programs` WHERE (`fishing_programs`.`id` = 4) [0m
Rendered layouts/_logo (2.1ms)
Rendered layouts/_main_menu (3.8ms)
  [4;36;1mEvent Columns (1.2ms)[0m   [0;1mSHOW FIELDS FROM `events`[0m
Rendered layouts/_event_list (4.4ms)
  [4;35;1mPartnerLink Columns (1.1ms)[0m   [0mSHOW FIELDS FROM `partner_links`[0m
Rendered layouts/_partner_link_list (3.1ms)
Rendered layouts/_left_menu (8.7ms)
Rendered layouts/_right_menu (1.4ms)
Rendered layouts/_full_widget (10.9ms)
Completed in 128ms (View: 84, DB: 33) | 200 OK [http://127.0.0.1/]
  [4;36;1mSQL (0.1ms)[0m   [0;1mSET NAMES 'utf8'[0m
  [4;35;1mSQL (0.1ms)[0m   [0mSET SQL_AUTO_IS_NULL=0[0m


Processing HomeController#index (for 127.0.0.1 at 2010-02-18 13:11:58) [GET]
  [4;36;1mEvent Load (0.4ms)[0m   [0;1mSELECT * FROM `events` WHERE (`events`.`published` = 1) LIMIT 5[0m
  [4;35;1mPartnerLink Load (0.2ms)[0m   [0mSELECT * FROM `partner_links` WHERE (`partner_links`.`visible` = 1) [0m
  [4;36;1mFishingProgram Load (0.3ms)[0m   [0;1mSELECT * FROM `fishing_programs` [0m
Rendering template within layouts/application
Rendering home/index
  [4;35;1mFishingProgram Columns (32.3ms)[0m   [0mSHOW FIELDS FROM `fishing_programs`[0m
  [4;36;1mFishingProgram Load (0.3ms)[0m   [0;1mSELECT * FROM `fishing_programs` WHERE (`fishing_programs`.`id` = 1) [0m
  [4;35;1mFishingProgram Load (0.2ms)[0m   [0mSELECT * FROM `fishing_programs` WHERE (`fishing_programs`.`id` = 2) [0m
  [4;36;1mFishingProgram Load (0.2ms)[0m   [0;1mSELECT * FROM `fishing_programs` WHERE (`fishing_programs`.`id` = 3) [0m
  [4;35;1mFishingProgram Load (0.2ms)[0m   [0mSELECT * FROM `fishing_programs` WHERE (`fishing_programs`.`id` = 4) [0m
Rendered layouts/_logo (2.4ms)
Rendered layouts/_main_menu (3.6ms)
  [4;36;1mEvent Columns (1.3ms)[0m   [0;1mSHOW FIELDS FROM `events`[0m
Rendered layouts/_event_list (4.3ms)
  [4;35;1mPartnerLink Columns (1.1ms)[0m   [0mSHOW FIELDS FROM `partner_links`[0m
Rendered layouts/_partner_link_list (3.7ms)
Rendered layouts/_left_menu (9.2ms)
Rendered layouts/_right_menu (1.4ms)
Rendered layouts/_full_widget (11.3ms)
Completed in 74ms (View: 26, DB: 37) | 200 OK [http://127.0.0.1/]
  [4;36;1mSQL (0.1ms)[0m   [0;1mSET NAMES 'utf8'[0m
  [4;35;1mSQL (0.1ms)[0m   [0mSET SQL_AUTO_IS_NULL=0[0m


Processing HomeController#index (for 127.0.0.1 at 2010-02-18 13:12:13) [GET]
  [4;36;1mEvent Load (0.4ms)[0m   [0;1mSELECT * FROM `events` WHERE (`events`.`published` = 1) LIMIT 5[0m
  [4;35;1mPartnerLink Load (0.2ms)[0m   [0mSELECT * FROM `partner_links` WHERE (`partner_links`.`visible` = 1) [0m
  [4;36;1mFishingProgram Load (0.3ms)[0m   [0;1mSELECT * FROM `fishing_programs` [0m
Rendering template within layouts/application
Rendering home/index
  [4;35;1mFishingProgram Columns (1.4ms)[0m   [0mSHOW FIELDS FROM `fishing_programs`[0m
  [4;36;1mFishingProgram Load (0.3ms)[0m   [0;1mSELECT * FROM `fishing_programs` WHERE (`fishing_programs`.`id` = 1) [0m
  [4;35;1mFishingProgram Load (0.2ms)[0m   [0mSELECT * FROM `fishing_programs` WHERE (`fishing_programs`.`id` = 2) [0m
  [4;36;1mFishingProgram Load (0.2ms)[0m   [0;1mSELECT * FROM `fishing_programs` WHERE (`fishing_programs`.`id` = 3) [0m
  [4;35;1mFishingProgram Load (0.3ms)[0m   [0mSELECT * FROM `fishing_programs` WHERE (`fishing_programs`.`id` = 4) [0m
Rendered layouts/_logo (2.1ms)
Rendered layouts/_main_menu (3.9ms)
  [4;36;1mEvent Columns (1.4ms)[0m   [0;1mSHOW FIELDS FROM `events`[0m
Rendered layouts/_event_list (4.5ms)
  [4;35;1mPartnerLink Columns (1.1ms)[0m   [0mSHOW FIELDS FROM `partner_links`[0m
Rendered layouts/_partner_link_list (3.0ms)
Rendered layouts/_left_menu (8.7ms)
Rendered layouts/_right_menu (1.5ms)
Rendered layouts/_full_widget (10.9ms)
Completed in 43ms (View: 26, DB: 6) | 200 OK [http://127.0.0.1/]
  [4;36;1mSQL (0.1ms)[0m   [0;1mSET NAMES 'utf8'[0m
  [4;35;1mSQL (0.1ms)[0m   [0mSET SQL_AUTO_IS_NULL=0[0m


Processing HomeController#index (for 127.0.0.1 at 2010-02-18 13:12:21) [GET]
  [4;36;1mEvent Load (0.4ms)[0m   [0;1mSELECT * FROM `events` WHERE (`events`.`published` = 1) LIMIT 5[0m
  [4;35;1mPartnerLink Load (0.2ms)[0m   [0mSELECT * FROM `partner_links` WHERE (`partner_links`.`visible` = 1) [0m
  [4;36;1mFishingProgram Load (0.3ms)[0m   [0;1mSELECT * FROM `fishing_programs` [0m
Rendering template within layouts/application
Rendering home/index
  [4;35;1mFishingProgram Columns (1.2ms)[0m   [0mSHOW FIELDS FROM `fishing_programs`[0m
  [4;36;1mFishingProgram Load (0.2ms)[0m   [0;1mSELECT * FROM `fishing_programs` WHERE (`fishing_programs`.`id` = 1) [0m
  [4;35;1mFishingProgram Load (0.2ms)[0m   [0mSELECT * FROM `fishing_programs` WHERE (`fishing_programs`.`id` = 2) [0m
  [4;36;1mFishingProgram Load (0.2ms)[0m   [0;1mSELECT * FROM `fishing_programs` WHERE (`fishing_programs`.`id` = 3) [0m
  [4;35;1mFishingProgram Load (0.2ms)[0m   [0mSELECT * FROM `fishing_programs` WHERE (`fishing_programs`.`id` = 4) [0m
Rendered layouts/_logo (2.1ms)
Rendered layouts/_main_menu (3.6ms)
  [4;36;1mEvent Columns (1.2ms)[0m   [0;1mSHOW FIELDS FROM `events`[0m
Rendered layouts/_event_list (4.2ms)
  [4;35;1mPartnerLink Columns (1.1ms)[0m   [0mSHOW FIELDS FROM `partner_links`[0m
Rendered layouts/_partner_link_list (3.7ms)
Rendered layouts/_left_menu (9.0ms)
Rendered layouts/_right_menu (1.5ms)
Rendered layouts/_full_widget (11.2ms)
Completed in 43ms (View: 26, DB: 5) | 200 OK [http://127.0.0.1/]
  [4;36;1mSQL (0.1ms)[0m   [0;1mSET NAMES 'utf8'[0m
  [4;35;1mSQL (0.1ms)[0m   [0mSET SQL_AUTO_IS_NULL=0[0m


Processing HomeController#index (for 127.0.0.1 at 2010-02-18 13:12:24) [GET]
  [4;36;1mEvent Load (0.4ms)[0m   [0;1mSELECT * FROM `events` WHERE (`events`.`published` = 1) LIMIT 5[0m
  [4;35;1mPartnerLink Load (0.3ms)[0m   [0mSELECT * FROM `partner_links` WHERE (`partner_links`.`visible` = 1) [0m
  [4;36;1mFishingProgram Load (0.4ms)[0m   [0;1mSELECT * FROM `fishing_programs` [0m
Rendering template within layouts/application
Rendering home/index
  [4;35;1mFishingProgram Columns (1.4ms)[0m   [0mSHOW FIELDS FROM `fishing_programs`[0m
  [4;36;1mFishingProgram Load (0.3ms)[0m   [0;1mSELECT * FROM `fishing_programs` WHERE (`fishing_programs`.`id` = 1) [0m
  [4;35;1mFishingProgram Load (0.2ms)[0m   [0mSELECT * FROM `fishing_programs` WHERE (`fishing_programs`.`id` = 2) [0m
  [4;36;1mFishingProgram Load (0.2ms)[0m   [0;1mSELECT * FROM `fishing_programs` WHERE (`fishing_programs`.`id` = 3) [0m
  [4;35;1mFishingProgram Load (0.2ms)[0m   [0mSELECT * FROM `fishing_programs` WHERE (`fishing_programs`.`id` = 4) [0m
Rendered layouts/_logo (2.1ms)
Rendered layouts/_main_menu (3.5ms)
  [4;36;1mEvent Columns (1.2ms)[0m   [0;1mSHOW FIELDS FROM `events`[0m
Rendered layouts/_event_list (4.3ms)
  [4;35;1mPartnerLink Columns (1.1ms)[0m   [0mSHOW FIELDS FROM `partner_links`[0m
Rendered layouts/_partner_link_list (3.0ms)
Rendered layouts/_left_menu (8.6ms)
Rendered layouts/_right_menu (1.5ms)
Rendered layouts/_full_widget (10.7ms)
Completed in 44ms (View: 26, DB: 6) | 200 OK [http://127.0.0.1/]
  [4;36;1mSQL (0.1ms)[0m   [0;1mSET NAMES 'utf8'[0m
  [4;35;1mSQL (0.1ms)[0m   [0mSET SQL_AUTO_IS_NULL=0[0m


Processing HomeController#index (for 127.0.0.1 at 2010-02-18 13:12:42) [GET]
  [4;36;1mEvent Load (0.3ms)[0m   [0;1mSELECT * FROM `events` WHERE (`events`.`published` = 1) LIMIT 5[0m
  [4;35;1mPartnerLink Load (0.2ms)[0m   [0mSELECT * FROM `partner_links` WHERE (`partner_links`.`visible` = 1) [0m
  [4;36;1mFishingProgram Load (0.3ms)[0m   [0;1mSELECT * FROM `fishing_programs` [0m
Rendering template within layouts/application
Rendering home/index
  [4;35;1mFishingProgram Columns (1.5ms)[0m   [0mSHOW FIELDS FROM `fishing_programs`[0m
  [4;36;1mFishingProgram Load (0.2ms)[0m   [0;1mSELECT * FROM `fishing_programs` WHERE (`fishing_programs`.`id` = 1) [0m
  [4;35;1mFishingProgram Load (0.2ms)[0m   [0mSELECT * FROM `fishing_programs` WHERE (`fishing_programs`.`id` = 2) [0m
  [4;36;1mFishingProgram Load (0.2ms)[0m   [0;1mSELECT * FROM `fishing_programs` WHERE (`fishing_programs`.`id` = 3) [0m
  [4;35;1mFishingProgram Load (0.2ms)[0m   [0mSELECT * FROM `fishing_programs` WHERE (`fishing_programs`.`id` = 4) [0m
Rendered layouts/_logo (2.1ms)
Rendered layouts/_main_menu (3.5ms)
  [4;36;1mEvent Columns (1.2ms)[0m   [0;1mSHOW FIELDS FROM `events`[0m
Rendered layouts/_event_list (4.3ms)
  [4;35;1mPartnerLink Columns (1.1ms)[0m   [0mSHOW FIELDS FROM `partner_links`[0m
Rendered layouts/_partner_link_list (3.3ms)
Rendered layouts/_left_menu (8.8ms)
Rendered layouts/_right_menu (1.5ms)
Rendered layouts/_full_widget (68.0ms)
Completed in 100ms (View: 83, DB: 6) | 200 OK [http://127.0.0.1/]
  [4;36;1mSQL (0.1ms)[0m   [0;1mSET NAMES 'utf8'[0m
  [4;35;1mSQL (0.1ms)[0m   [0mSET SQL_AUTO_IS_NULL=0[0m


Processing HomeController#index (for 127.0.0.1 at 2010-02-18 13:12:45) [GET]
  [4;36;1mEvent Load (0.4ms)[0m   [0;1mSELECT * FROM `events` WHERE (`events`.`published` = 1) LIMIT 5[0m
  [4;35;1mPartnerLink Load (0.2ms)[0m   [0mSELECT * FROM `partner_links` WHERE (`partner_links`.`visible` = 1) [0m
  [4;36;1mFishingProgram Load (0.3ms)[0m   [0;1mSELECT * FROM `fishing_programs` [0m
Rendering template within layouts/application
Rendering home/index
  [4;35;1mFishingProgram Columns (6.5ms)[0m   [0mSHOW FIELDS FROM `fishing_programs`[0m
  [4;36;1mFishingProgram Load (0.3ms)[0m   [0;1mSELECT * FROM `fishing_programs` WHERE (`fishing_programs`.`id` = 1) [0m
  [4;35;1mFishingProgram Load (0.2ms)[0m   [0mSELECT * FROM `fishing_programs` WHERE (`fishing_programs`.`id` = 2) [0m
  [4;36;1mFishingProgram Load (0.2ms)[0m   [0;1mSELECT * FROM `fishing_programs` WHERE (`fishing_programs`.`id` = 3) [0m
  [4;35;1mFishingProgram Load (0.2ms)[0m   [0mSELECT * FROM `fishing_programs` WHERE (`fishing_programs`.`id` = 4) [0m
Rendered layouts/_logo (2.1ms)
Rendered layouts/_main_menu (3.6ms)
  [4;36;1mEvent Columns (1.4ms)[0m   [0;1mSHOW FIELDS FROM `events`[0m
Rendered layouts/_event_list (4.6ms)
  [4;35;1mPartnerLink Columns (1.9ms)[0m   [0mSHOW FIELDS FROM `partner_links`[0m
Rendered layouts/_partner_link_list (4.0ms)
Rendered layouts/_left_menu (9.7ms)
Rendered layouts/_right_menu (1.7ms)
Rendered layouts/_full_widget (12.1ms)
Completed in 49ms (View: 26, DB: 12) | 200 OK [http://127.0.0.1/]
  [4;36;1mSQL (0.1ms)[0m   [0;1mSET NAMES 'utf8'[0m
  [4;35;1mSQL (0.1ms)[0m   [0mSET SQL_AUTO_IS_NULL=0[0m


Processing HomeController#index (for 127.0.0.1 at 2010-02-18 13:12:48) [GET]
  [4;36;1mEvent Load (0.4ms)[0m   [0;1mSELECT * FROM `events` WHERE (`events`.`published` = 1) LIMIT 5[0m
  [4;35;1mPartnerLink Load (0.4ms)[0m   [0mSELECT * FROM `partner_links` WHERE (`partner_links`.`visible` = 1) [0m
  [4;36;1mFishingProgram Load (0.4ms)[0m   [0;1mSELECT * FROM `fishing_programs` [0m
Rendering template within layouts/application
Rendering home/index
  [4;35;1mFishingProgram Columns (18.4ms)[0m   [0mSHOW FIELDS FROM `fishing_programs`[0m
  [4;36;1mFishingProgram Load (45.0ms)[0m   [0;1mSELECT * FROM `fishing_programs` WHERE (`fishing_programs`.`id` = 1) [0m
  [4;35;1mFishingProgram Load (0.3ms)[0m   [0mSELECT * FROM `fishing_programs` WHERE (`fishing_programs`.`id` = 2) [0m
  [4;36;1mFishingProgram Load (0.2ms)[0m   [0;1mSELECT * FROM `fishing_programs` WHERE (`fishing_programs`.`id` = 3) [0m
  [4;35;1mFishingProgram Load (0.2ms)[0m   [0mSELECT * FROM `fishing_programs` WHERE (`fishing_programs`.`id` = 4) [0m
Rendered layouts/_logo (2.1ms)
Rendered layouts/_main_menu (3.7ms)
  [4;36;1mEvent Columns (15.5ms)[0m   [0;1mSHOW FIELDS FROM `events`[0m
Rendered layouts/_event_list (19.4ms)
  [4;35;1mPartnerLink Columns (107.9ms)[0m   [0mSHOW FIELDS FROM `partner_links`[0m
Rendered layouts/_partner_link_list (110.0ms)
Rendered layouts/_left_menu (130.7ms)
Rendered layouts/_right_menu (1.5ms)
Rendered layouts/_full_widget (132.9ms)
Completed in 231ms (View: 27, DB: 189) | 200 OK [http://127.0.0.1/]
  [4;36;1mSQL (0.1ms)[0m   [0;1mSET NAMES 'utf8'[0m
  [4;35;1mSQL (0.1ms)[0m   [0mSET SQL_AUTO_IS_NULL=0[0m


Processing HomeController#index (for 127.0.0.1 at 2010-02-18 13:12:53) [GET]
  [4;36;1mEvent Load (0.4ms)[0m   [0;1mSELECT * FROM `events` WHERE (`events`.`published` = 1) LIMIT 5[0m
  [4;35;1mPartnerLink Load (0.2ms)[0m   [0mSELECT * FROM `partner_links` WHERE (`partner_links`.`visible` = 1) [0m
  [4;36;1mFishingProgram Load (0.3ms)[0m   [0;1mSELECT * FROM `fishing_programs` [0m
Rendering template within layouts/application
Rendering home/index
  [4;35;1mFishingProgram Columns (37.6ms)[0m   [0mSHOW FIELDS FROM `fishing_programs`[0m
  [4;36;1mFishingProgram Load (41.7ms)[0m   [0;1mSELECT * FROM `fishing_programs` WHERE (`fishing_programs`.`id` = 1) [0m
  [4;35;1mFishingProgram Load (0.2ms)[0m   [0mSELECT * FROM `fishing_programs` WHERE (`fishing_programs`.`id` = 2) [0m
  [4;36;1mFishingProgram Load (0.2ms)[0m   [0;1mSELECT * FROM `fishing_programs` WHERE (`fishing_programs`.`id` = 3) [0m
  [4;35;1mFishingProgram Load (0.2ms)[0m   [0mSELECT * FROM `fishing_programs` WHERE (`fishing_programs`.`id` = 4) [0m
Rendered layouts/_logo (2.1ms)
Rendered layouts/_main_menu (3.7ms)
  [4;36;1mEvent Columns (21.7ms)[0m   [0;1mSHOW FIELDS FROM `events`[0m
Rendered layouts/_event_list (24.7ms)
  [4;35;1mPartnerLink Columns (37.3ms)[0m   [0mSHOW FIELDS FROM `partner_links`[0m
Rendered layouts/_partner_link_list (40.0ms)
Rendered layouts/_left_menu (65.9ms)
Rendered layouts/_right_menu (1.5ms)
Rendered layouts/_full_widget (68.2ms)
Completed in 178ms (View: 27, DB: 140) | 200 OK [http://127.0.0.1/]
  [4;36;1mSQL (0.1ms)[0m   [0;1mSET NAMES 'utf8'[0m
  [4;35;1mSQL (0.1ms)[0m   [0mSET SQL_AUTO_IS_NULL=0[0m


Processing HomeController#index (for 127.0.0.1 at 2010-02-18 13:12:59) [GET]
  [4;36;1mEvent Load (0.4ms)[0m   [0;1mSELECT * FROM `events` WHERE (`events`.`published` = 1) LIMIT 5[0m
  [4;35;1mPartnerLink Load (0.2ms)[0m   [0mSELECT * FROM `partner_links` WHERE (`partner_links`.`visible` = 1) [0m
  [4;36;1mFishingProgram Load (0.3ms)[0m   [0;1mSELECT * FROM `fishing_programs` [0m
Rendering template within layouts/application
Rendering home/index
  [4;35;1mFishingProgram Columns (1.2ms)[0m   [0mSHOW FIELDS FROM `fishing_programs`[0m
  [4;36;1mFishingProgram Load (0.2ms)[0m   [0;1mSELECT * FROM `fishing_programs` WHERE (`fishing_programs`.`id` = 1) [0m
  [4;35;1mFishingProgram Load (0.2ms)[0m   [0mSELECT * FROM `fishing_programs` WHERE (`fishing_programs`.`id` = 2) [0m
  [4;36;1mFishingProgram Load (0.3ms)[0m   [0;1mSELECT * FROM `fishing_programs` WHERE (`fishing_programs`.`id` = 3) [0m
  [4;35;1mFishingProgram Load (0.2ms)[0m   [0mSELECT * FROM `fishing_programs` WHERE (`fishing_programs`.`id` = 4) [0m
Rendered layouts/_logo (2.1ms)
Rendered layouts/_main_menu (3.7ms)
  [4;36;1mEvent Columns (1.1ms)[0m   [0;1mSHOW FIELDS FROM `events`[0m
Rendered layouts/_event_list (4.2ms)
  [4;35;1mPartnerLink Columns (1.1ms)[0m   [0mSHOW FIELDS FROM `partner_links`[0m
Rendered layouts/_partner_link_list (3.1ms)
Rendered layouts/_left_menu (8.5ms)
Rendered layouts/_right_menu (1.6ms)
Rendered layouts/_full_widget (11.0ms)
Completed in 44ms (View: 27, DB: 5) | 200 OK [http://127.0.0.1/]
  [4;36;1mSQL (0.1ms)[0m   [0;1mSET NAMES 'utf8'[0m
  [4;35;1mSQL (0.1ms)[0m   [0mSET SQL_AUTO_IS_NULL=0[0m


Processing HomeController#index (for 127.0.0.1 at 2010-02-18 13:13:50) [GET]
  [4;36;1mEvent Load (0.4ms)[0m   [0;1mSELECT * FROM `events` WHERE (`events`.`published` = 1) LIMIT 5[0m
  [4;35;1mPartnerLink Load (0.2ms)[0m   [0mSELECT * FROM `partner_links` WHERE (`partner_links`.`visible` = 1) [0m
  [4;36;1mFishingProgram Load (0.3ms)[0m   [0;1mSELECT * FROM `fishing_programs` [0m
Rendering template within layouts/application
Rendering home/index
  [4;35;1mFishingProgram Columns (20.3ms)[0m   [0mSHOW FIELDS FROM `fishing_programs`[0m
  [4;36;1mFishingProgram Load (0.3ms)[0m   [0;1mSELECT * FROM `fishing_programs` WHERE (`fishing_programs`.`id` = 1) [0m
  [4;35;1mFishingProgram Load (0.2ms)[0m   [0mSELECT * FROM `fishing_programs` WHERE (`fishing_programs`.`id` = 2) [0m
  [4;36;1mFishingProgram Load (0.2ms)[0m   [0;1mSELECT * FROM `fishing_programs` WHERE (`fishing_programs`.`id` = 3) [0m
  [4;35;1mFishingProgram Load (0.2ms)[0m   [0mSELECT * FROM `fishing_programs` WHERE (`fishing_programs`.`id` = 4) [0m
Rendered layouts/_logo (2.0ms)
Rendered layouts/_main_menu (3.5ms)
  [4;36;1mEvent Columns (1.1ms)[0m   [0;1mSHOW FIELDS FROM `events`[0m
Rendered layouts/_event_list (4.1ms)
  [4;35;1mPartnerLink Columns (1.1ms)[0m   [0mSHOW FIELDS FROM `partner_links`[0m
Rendered layouts/_partner_link_list (2.9ms)
Rendered layouts/_left_menu (8.5ms)
Rendered layouts/_right_menu (1.4ms)
Rendered layouts/_full_widget (10.5ms)
Completed in 62ms (View: 26, DB: 24) | 200 OK [http://127.0.0.1/]
  [4;36;1mSQL (0.1ms)[0m   [0;1mSET NAMES 'utf8'[0m
  [4;35;1mSQL (0.1ms)[0m   [0mSET SQL_AUTO_IS_NULL=0[0m


Processing FishingController#show (for 127.0.0.1 at 2010-02-18 13:15:37) [GET]
  Parameters: {"id"=>"3"}
  [4;36;1mEvent Load (0.4ms)[0m   [0;1mSELECT * FROM `events` WHERE (`events`.`published` = 1) LIMIT 5[0m
  [4;35;1mPartnerLink Load (0.2ms)[0m   [0mSELECT * FROM `partner_links` WHERE (`partner_links`.`visible` = 1) [0m
  [4;36;1mFishingProgram Load (0.3ms)[0m   [0;1mSELECT * FROM `fishing_programs` [0m
  [4;35;1mFishingProgram Columns (36.9ms)[0m   [0mSHOW FIELDS FROM `fishing_programs`[0m
  [4;36;1mFishingProgram Load (0.4ms)[0m   [0;1mSELECT * FROM `fishing_programs` WHERE (`fishing_programs`.`id` = 3) [0m
Rendering template within layouts/application
Rendering fishing/show
Rendered layouts/_logo (1.3ms)
Rendered layouts/_main_menu (2.9ms)
  [4;35;1mEvent Columns (1.2ms)[0m   [0mSHOW FIELDS FROM `events`[0m
Rendered layouts/_event_list (4.2ms)
  [4;36;1mPartnerLink Columns (1.0ms)[0m   [0;1mSHOW FIELDS FROM `partner_links`[0m
Rendered layouts/_partner_link_list (3.0ms)
Rendered layouts/_left_menu (8.3ms)
Rendered layouts/_right_menu (1.5ms)
Rendered layouts/_full_widget (10.5ms)
Completed in 187ms (View: 134, DB: 40) | 200 OK [http://127.0.0.1/fishing/3]
